{"C:\\Users\\KIIT\\Vehicle-flowapi-main\\vehicle-api-server\\app.js": {"path":"C:\\Users\\KIIT\\Vehicle-flowapi-main\\vehicle-api-server\\app.js","statementMap":{"0":{"start":{"line":1,"column":16},"end":{"line":1,"column":34}},"1":{"start":{"line":2,"column":13},"end":{"line":2,"column":28}},"2":{"start":{"line":3,"column":16},"end":{"line":3,"column":43}},"3":{"start":{"line":5,"column":12},"end":{"line":5,"column":21}},"4":{"start":{"line":6,"column":0},"end":{"line":6,"column":16}},"5":{"start":{"line":7,"column":0},"end":{"line":7,"column":24}},"6":{"start":{"line":10,"column":0},"end":{"line":17,"column":3}},"7":{"start":{"line":11,"column":2},"end":{"line":16,"column":3}},"8":{"start":{"line":12,"column":21},"end":{"line":12,"column":41}},"9":{"start":{"line":13,"column":4},"end":{"line":13,"column":23}},"10":{"start":{"line":15,"column":4},"end":{"line":15,"column":54}},"11":{"start":{"line":19,"column":0},"end":{"line":27,"column":3}},"12":{"start":{"line":20,"column":2},"end":{"line":26,"column":3}},"13":{"start":{"line":21,"column":20},"end":{"line":21,"column":57}},"14":{"start":{"line":22,"column":4},"end":{"line":22,"column":80}},"15":{"start":{"line":22,"column":18},"end":{"line":22,"column":80}},"16":{"start":{"line":23,"column":4},"end":{"line":23,"column":22}},"17":{"start":{"line":25,"column":4},"end":{"line":25,"column":52}},"18":{"start":{"line":29,"column":0},"end":{"line":37,"column":3}},"19":{"start":{"line":30,"column":2},"end":{"line":36,"column":3}},"20":{"start":{"line":31,"column":23},"end":{"line":31,"column":44}},"21":{"start":{"line":32,"column":18},"end":{"line":32,"column":41}},"22":{"start":{"line":33,"column":4},"end":{"line":33,"column":32}},"23":{"start":{"line":35,"column":4},"end":{"line":35,"column":51}},"24":{"start":{"line":39,"column":0},"end":{"line":47,"column":3}},"25":{"start":{"line":40,"column":2},"end":{"line":46,"column":3}},"26":{"start":{"line":41,"column":20},"end":{"line":41,"column":91}},"27":{"start":{"line":42,"column":4},"end":{"line":42,"column":80}},"28":{"start":{"line":42,"column":18},"end":{"line":42,"column":80}},"29":{"start":{"line":43,"column":4},"end":{"line":43,"column":22}},"30":{"start":{"line":45,"column":4},"end":{"line":45,"column":55}},"31":{"start":{"line":49,"column":0},"end":{"line":57,"column":3}},"32":{"start":{"line":50,"column":2},"end":{"line":56,"column":3}},"33":{"start":{"line":51,"column":20},"end":{"line":51,"column":66}},"34":{"start":{"line":52,"column":4},"end":{"line":52,"column":80}},"35":{"start":{"line":52,"column":18},"end":{"line":52,"column":80}},"36":{"start":{"line":53,"column":4},"end":{"line":53,"column":45}},"37":{"start":{"line":55,"column":4},"end":{"line":55,"column":55}},"38":{"start":{"line":59,"column":0},"end":{"line":59,"column":21}}},"fnMap":{"0":{"name":"(anonymous_0)","decl":{"start":{"line":10,"column":25},"end":{"line":10,"column":26}},"loc":{"start":{"line":10,"column":45},"end":{"line":17,"column":1}},"line":10},"1":{"name":"(anonymous_1)","decl":{"start":{"line":19,"column":29},"end":{"line":19,"column":30}},"loc":{"start":{"line":19,"column":49},"end":{"line":27,"column":1}},"line":19},"2":{"name":"(anonymous_2)","decl":{"start":{"line":29,"column":26},"end":{"line":29,"column":27}},"loc":{"start":{"line":29,"column":46},"end":{"line":37,"column":1}},"line":29},"3":{"name":"(anonymous_3)","decl":{"start":{"line":39,"column":29},"end":{"line":39,"column":30}},"loc":{"start":{"line":39,"column":49},"end":{"line":47,"column":1}},"line":39},"4":{"name":"(anonymous_4)","decl":{"start":{"line":49,"column":32},"end":{"line":49,"column":33}},"loc":{"start":{"line":49,"column":52},"end":{"line":57,"column":1}},"line":49}},"branchMap":{"0":{"loc":{"start":{"line":22,"column":4},"end":{"line":22,"column":80}},"type":"if","locations":[{"start":{"line":22,"column":4},"end":{"line":22,"column":80}},{"start":{},"end":{}}],"line":22},"1":{"loc":{"start":{"line":42,"column":4},"end":{"line":42,"column":80}},"type":"if","locations":[{"start":{"line":42,"column":4},"end":{"line":42,"column":80}},{"start":{},"end":{}}],"line":42},"2":{"loc":{"start":{"line":52,"column":4},"end":{"line":52,"column":80}},"type":"if","locations":[{"start":{"line":52,"column":4},"end":{"line":52,"column":80}},{"start":{},"end":{}}],"line":52}},"s":{"0":1,"1":1,"2":1,"3":1,"4":1,"5":1,"6":1,"7":1,"8":1,"9":1,"10":0,"11":1,"12":2,"13":2,"14":1,"15":0,"16":1,"17":1,"18":1,"19":1,"20":1,"21":1,"22":1,"23":0,"24":1,"25":2,"26":2,"27":2,"28":1,"29":1,"30":0,"31":1,"32":2,"33":2,"34":2,"35":1,"36":1,"37":0,"38":1},"f":{"0":1,"1":2,"2":1,"3":2,"4":2},"b":{"0":[0,1],"1":[1,1],"2":[1,1]},"_coverageSchema":"1a1c01bbd47fc00a2c39e90264f33305004495a9","hash":"89ea44d3dbf70fabbe14fdeb2932515f468d6c36"}
,"C:\\Users\\KIIT\\Vehicle-flowapi-main\\vehicle-api-server\\models\\Vehicle.js": {"path":"C:\\Users\\KIIT\\Vehicle-flowapi-main\\vehicle-api-server\\models\\Vehicle.js","statementMap":{"0":{"start":{"line":1,"column":17},"end":{"line":1,"column":36}},"1":{"start":{"line":3,"column":22},"end":{"line":26,"column":24}},"2":{"start":{"line":28,"column":0},"end":{"line":28,"column":58}}},"fnMap":{},"branchMap":{},"s":{"0":3,"1":3,"2":3},"f":{},"b":{},"_coverageSchema":"1a1c01bbd47fc00a2c39e90264f33305004495a9","hash":"62fd92dd0f06b28429470ff87cfb55ccab6f5c1d"}
}
