TN:
SF:app.js
FN:10,(anonymous_0)
FN:19,(anonymous_1)
FN:29,(anonymous_2)
FN:39,(anonymous_3)
FN:49,(anonymous_4)
FNF:5
FNH:5
FNDA:1,(anonymous_0)
FNDA:2,(anonymous_1)
FNDA:1,(anonymous_2)
FNDA:2,(anonymous_3)
FNDA:2,(anonymous_4)
DA:1,1
DA:2,1
DA:3,1
DA:5,1
DA:6,1
DA:7,1
DA:10,1
DA:11,1
DA:12,1
DA:13,1
DA:15,0
DA:19,1
DA:20,2
DA:21,2
DA:22,1
DA:23,1
DA:25,1
DA:29,1
DA:30,1
DA:31,1
DA:32,1
DA:33,1
DA:35,0
DA:39,1
DA:40,2
DA:41,2
DA:42,2
DA:43,1
DA:45,0
DA:49,1
DA:50,2
DA:51,2
DA:52,2
DA:53,1
DA:55,0
DA:59,1
LF:36
LH:32
BRDA:22,0,0,0
BRDA:22,0,1,1
BRDA:42,1,0,1
BRDA:42,1,1,1
BRDA:52,2,0,1
BRDA:52,2,1,1
BRF:6
BRH:5
end_of_record
TN:
SF:models\Vehicle.js
FNF:0
FNH:0
DA:1,3
DA:3,3
DA:28,3
LF:3
LH:3
BRF:0
BRH:0
end_of_record
